<?xml version="1.0" encoding="UTF-8"?>
<robot generator="Robot 6.0.2 (Python 3.10.10 on win32)" generated="20231228 01:33:03.689" rpa="false" schemaversion="3">
<suite id="s1" name="Run" source="C:\Users\Public\automacao-e2e\automation-orangehrm-e2e-robot\run">
<suite id="s1-s1" name="Login Orangehrm" source="C:\Users\Public\automacao-e2e\automation-orangehrm-e2e-robot\run\login_orangehrm.robot">
<test id="s1-s1-t1" name="CT001 - Realizar o login com sucesso no website OrangeHRM" line="9">
<kw name="Given que acesso a url do website da OrangeHRM" library="base" type="SETUP">
<kw name="Config open browser options" library="resouce">
<var>${options}</var>
<kw name="Evaluate" library="BuiltIn">
<var>${CHROME_OPTIONS}</var>
<arg>selenium.webdriver.ChromeOptions()</arg>
<doc>Evaluates the given expression in Python and returns the result.</doc>
<msg timestamp="20231228 01:33:04.555" level="INFO">${CHROME_OPTIONS} = &lt;selenium.webdriver.chrome.options.Options object at 0x000001DE7070FA00&gt;</msg>
<status status="PASS" starttime="20231228 01:33:04.555" endtime="20231228 01:33:04.555"/>
</kw>
<kw name="Call Method" library="BuiltIn">
<arg>${CHROME_OPTIONS}</arg>
<arg>add_argument</arg>
<arg>--incognito</arg>
<doc>Calls the named method of the given object with the provided arguments.</doc>
<status status="PASS" starttime="20231228 01:33:04.556" endtime="20231228 01:33:04.556"/>
</kw>
<kw name="Call Method" library="BuiltIn">
<arg>${CHROME_OPTIONS}</arg>
<arg>add_argument</arg>
<arg>--disable-notifications</arg>
<doc>Calls the named method of the given object with the provided arguments.</doc>
<status status="PASS" starttime="20231228 01:33:04.556" endtime="20231228 01:33:04.557"/>
</kw>
<kw name="Call Method" library="BuiltIn">
<arg>${CHROME_OPTIONS}</arg>
<arg>add_argument</arg>
<arg>--aggressive-cache-discard</arg>
<doc>Calls the named method of the given object with the provided arguments.</doc>
<status status="PASS" starttime="20231228 01:33:04.557" endtime="20231228 01:33:04.557"/>
</kw>
<kw name="Call Method" library="BuiltIn">
<arg>${CHROME_OPTIONS}</arg>
<arg>add_argument</arg>
<arg>--disable-application-cache</arg>
<doc>Calls the named method of the given object with the provided arguments.</doc>
<status status="PASS" starttime="20231228 01:33:04.557" endtime="20231228 01:33:04.557"/>
</kw>
<kw name="Call Method" library="BuiltIn">
<arg>${CHROME_OPTIONS}</arg>
<arg>add_argument</arg>
<arg>--disable-dev-shm-usage</arg>
<doc>Calls the named method of the given object with the provided arguments.</doc>
<status status="PASS" starttime="20231228 01:33:04.557" endtime="20231228 01:33:04.558"/>
</kw>
<kw name="Call Method" library="BuiltIn">
<arg>${CHROME_OPTIONS}</arg>
<arg>add_argument</arg>
<arg>--no-sandbox</arg>
<doc>Calls the named method of the given object with the provided arguments.</doc>
<status status="PASS" starttime="20231228 01:33:04.558" endtime="20231228 01:33:04.558"/>
</kw>
<kw name="Call Method" library="BuiltIn">
<arg>${CHROME_OPTIONS}</arg>
<arg>add_argument</arg>
<arg>--disable-gpu</arg>
<doc>Calls the named method of the given object with the provided arguments.</doc>
<status status="PASS" starttime="20231228 01:33:04.558" endtime="20231228 01:33:04.558"/>
</kw>
<kw name="Call Method" library="BuiltIn">
<arg>${CHROME_OPTIONS}</arg>
<arg>add_argument</arg>
<arg>--mute-audio</arg>
<doc>Calls the named method of the given object with the provided arguments.</doc>
<status status="PASS" starttime="20231228 01:33:04.558" endtime="20231228 01:33:04.559"/>
</kw>
<kw name="Call Method" library="BuiltIn">
<arg>${CHROME_OPTIONS}</arg>
<arg>add_argument</arg>
<arg>--start-maximized</arg>
<doc>Calls the named method of the given object with the provided arguments.</doc>
<status status="PASS" starttime="20231228 01:33:04.559" endtime="20231228 01:33:04.559"/>
</kw>
<msg timestamp="20231228 01:33:04.559" level="INFO">${options} = &lt;selenium.webdriver.chrome.options.Options object at 0x000001DE7070FA00&gt;</msg>
<status status="PASS" starttime="20231228 01:33:04.554" endtime="20231228 01:33:04.559"/>
</kw>
<if>
<branch type="IF" condition="'${HEADLESS}' == 'True'">
<kw name="Open Browser" library="SeleniumLibrary">
<arg>${baseUrl}</arg>
<arg>headlesschrome</arg>
<arg>${BROWSER}</arg>
<arg>options=${options}</arg>
<doc>Opens a new browser instance to the optional ``url``.</doc>
<msg timestamp="20231228 01:33:04.562" level="INFO">Opening browser 'headlesschrome' to base url 'https://opensource-demo.orangehrmlive.com/web/index.php/auth/login'.</msg>
<status status="PASS" starttime="20231228 01:33:04.560" endtime="20231228 01:33:15.692"/>
</kw>
<kw name="Set Selenium Implicit Wait" library="SeleniumLibrary">
<arg>${TIMEOUT_BROWSER}</arg>
<doc>Sets the implicit wait value used by Selenium.</doc>
<status status="PASS" starttime="20231228 01:33:15.693" endtime="20231228 01:33:15.698"/>
</kw>
<status status="PASS" starttime="20231228 01:33:04.559" endtime="20231228 01:33:15.698"/>
</branch>
<branch type="ELSE">
<kw name="Open Browser" library="SeleniumLibrary">
<arg>${baseUrl}</arg>
<arg>${BROWSER}</arg>
<arg>options=${options}</arg>
<doc>Opens a new browser instance to the optional ``url``.</doc>
<status status="NOT RUN" starttime="20231228 01:33:15.699" endtime="20231228 01:33:15.699"/>
</kw>
<kw name="Set Selenium Implicit Wait" library="SeleniumLibrary">
<arg>${TIMEOUT_BROWSER}</arg>
<doc>Sets the implicit wait value used by Selenium.</doc>
<status status="NOT RUN" starttime="20231228 01:33:15.699" endtime="20231228 01:33:15.699"/>
</kw>
<status status="NOT RUN" starttime="20231228 01:33:15.698" endtime="20231228 01:33:15.699"/>
</branch>
<status status="PASS" starttime="20231228 01:33:04.559" endtime="20231228 01:33:15.699"/>
</if>
<status status="PASS" starttime="20231228 01:33:04.554" endtime="20231228 01:33:15.699"/>
</kw>
<kw name="Given preencho o input de username com um USUARIO VALIDO &quot;Admin&quot;" library="login_step" sourcename="preencho o input de username com um USUARIO VALIDO &quot;${username}&quot;">
<kw name="Input Text" library="SeleniumLibrary">
<arg>${INPUT_USERNAME_LOGIN}</arg>
<arg>${username}</arg>
<doc>Types the given ``text`` into the text field identified by ``locator``.</doc>
<msg timestamp="20231228 01:33:15.705" level="INFO">Typing text 'Admin' into text field '(//input[@placeholder='Username'])[1]'.</msg>
<status status="PASS" starttime="20231228 01:33:15.703" endtime="20231228 01:33:16.966"/>
</kw>
<status status="PASS" starttime="20231228 01:33:15.702" endtime="20231228 01:33:16.967"/>
</kw>
<kw name="And preencho o input de senha com uma SENHA VALIDA &quot;admin123&quot;" library="login_step" sourcename="preencho o input de senha com uma SENHA VALIDA &quot;${password}&quot;">
<kw name="Input Password" library="SeleniumLibrary">
<arg>${INPUT_PASSWORD_LOGIN}</arg>
<arg>${password}</arg>
<doc>Types the given password into the text field identified by ``locator``.</doc>
<msg timestamp="20231228 01:33:16.974" level="INFO">Typing password into text field '//input[@name='password']'.</msg>
<msg timestamp="20231228 01:33:17.141" level="INFO">Temporally setting log level to: NONE</msg>
<msg timestamp="20231228 01:33:17.477" level="INFO">Log level changed from NONE to INFO.</msg>
<status status="PASS" starttime="20231228 01:33:16.972" endtime="20231228 01:33:17.477"/>
</kw>
<status status="PASS" starttime="20231228 01:33:16.971" endtime="20231228 01:33:17.477"/>
</kw>
<kw name="When clicar no botão Login" library="login_step">
<kw name="Click Button" library="SeleniumLibrary">
<arg>${BTN_LOGIN}</arg>
<doc>Clicks the button identified by ``locator``.</doc>
<msg timestamp="20231228 01:33:17.485" level="INFO">Clicking button '//button[@type='submit'][contains(.,'Login')]'.</msg>
<status status="PASS" starttime="20231228 01:33:17.482" endtime="20231228 01:33:17.695"/>
</kw>
<status status="PASS" starttime="20231228 01:33:17.480" endtime="20231228 01:33:17.695"/>
</kw>
<kw name="Then sou redirecionado com sucesso para a home do website da OrangeHRM" library="login_step">
<kw name="Wait Until Element Is Visible" library="SeleniumLibrary">
<arg>${IMG_HOME_VALIDATE}</arg>
<doc>Waits until the element ``locator`` is visible.</doc>
<status status="PASS" starttime="20231228 01:33:17.697" endtime="20231228 01:33:19.599"/>
</kw>
<kw name="Element Should Be Visible" library="SeleniumLibrary">
<arg>${HOME_ELEMENT_VALIDATE}</arg>
<doc>Verifies that the element identified by ``locator`` is visible.</doc>
<msg timestamp="20231228 01:33:19.669" level="INFO">Element '//h6[contains(.,'Dashboard')]' is displayed.</msg>
<status status="PASS" starttime="20231228 01:33:19.599" endtime="20231228 01:33:19.669"/>
</kw>
<status status="PASS" starttime="20231228 01:33:17.696" endtime="20231228 01:33:19.669"/>
</kw>
<kw name="Fechar o navegador" library="base" type="TEARDOWN">
<kw name="Capturar screenshot" library="resouce">
<kw name="Set Screenshot Directory" library="SeleniumLibrary">
<arg>${RESULT_OUTPUT_PATH}/screenshots</arg>
<doc>Sets the directory for captured screenshots.</doc>
<status status="PASS" starttime="20231228 01:33:19.673" endtime="20231228 01:33:19.675"/>
</kw>
<kw name="Capture Page Screenshot" library="SeleniumLibrary">
<arg>${TEST_NAME}.png</arg>
<doc>Takes a screenshot of the current page and embeds it into a log file.</doc>
<msg timestamp="20231228 01:33:19.882" level="INFO" html="true">&lt;/td&gt;&lt;/tr&gt;&lt;tr&gt;&lt;td colspan="3"&gt;&lt;a href="screenshots/CT001%20-%20Realizar%20o%20login%20com%20sucesso%20no%20website%20OrangeHRM.png"&gt;&lt;img src="screenshots/CT001%20-%20Realizar%20o%20login%20com%20sucesso%20no%20website%20OrangeHRM.png" width="800px"&gt;&lt;/a&gt;</msg>
<status status="PASS" starttime="20231228 01:33:19.677" endtime="20231228 01:33:19.883"/>
</kw>
<status status="PASS" starttime="20231228 01:33:19.672" endtime="20231228 01:33:19.883"/>
</kw>
<kw name="Close Browser" library="SeleniumLibrary">
<doc>Closes the current browser.</doc>
<status status="PASS" starttime="20231228 01:33:19.883" endtime="20231228 01:33:21.961"/>
</kw>
<status status="PASS" starttime="20231228 01:33:19.671" endtime="20231228 01:33:21.962"/>
</kw>
<doc>Esse teste verifica o fluxo feliz
da tela de login OrangeHRM</doc>
<tag>CT001</tag>
<tag>regressivos</tag>
<tag>test_success</tag>
<status status="PASS" starttime="20231228 01:33:04.551" endtime="20231228 01:33:21.964"/>
</test>
<test id="s1-s1-t2" name="CT002 - Realizar login com usuario incorreto" line="18">
<kw name="Given que acesso a url do website da OrangeHRM" library="base" type="SETUP">
<kw name="Config open browser options" library="resouce">
<var>${options}</var>
<kw name="Evaluate" library="BuiltIn">
<var>${CHROME_OPTIONS}</var>
<arg>selenium.webdriver.ChromeOptions()</arg>
<doc>Evaluates the given expression in Python and returns the result.</doc>
<msg timestamp="20231228 01:33:21.973" level="INFO">${CHROME_OPTIONS} = &lt;selenium.webdriver.chrome.options.Options object at 0x000001DE7074E770&gt;</msg>
<status status="PASS" starttime="20231228 01:33:21.972" endtime="20231228 01:33:21.973"/>
</kw>
<kw name="Call Method" library="BuiltIn">
<arg>${CHROME_OPTIONS}</arg>
<arg>add_argument</arg>
<arg>--incognito</arg>
<doc>Calls the named method of the given object with the provided arguments.</doc>
<status status="PASS" starttime="20231228 01:33:21.973" endtime="20231228 01:33:21.975"/>
</kw>
<kw name="Call Method" library="BuiltIn">
<arg>${CHROME_OPTIONS}</arg>
<arg>add_argument</arg>
<arg>--disable-notifications</arg>
<doc>Calls the named method of the given object with the provided arguments.</doc>
<status status="PASS" starttime="20231228 01:33:21.975" endtime="20231228 01:33:21.977"/>
</kw>
<kw name="Call Method" library="BuiltIn">
<arg>${CHROME_OPTIONS}</arg>
<arg>add_argument</arg>
<arg>--aggressive-cache-discard</arg>
<doc>Calls the named method of the given object with the provided arguments.</doc>
<status status="PASS" starttime="20231228 01:33:21.980" endtime="20231228 01:33:21.983"/>
</kw>
<kw name="Call Method" library="BuiltIn">
<arg>${CHROME_OPTIONS}</arg>
<arg>add_argument</arg>
<arg>--disable-application-cache</arg>
<doc>Calls the named method of the given object with the provided arguments.</doc>
<status status="PASS" starttime="20231228 01:33:21.983" endtime="20231228 01:33:21.985"/>
</kw>
<kw name="Call Method" library="BuiltIn">
<arg>${CHROME_OPTIONS}</arg>
<arg>add_argument</arg>
<arg>--disable-dev-shm-usage</arg>
<doc>Calls the named method of the given object with the provided arguments.</doc>
<status status="PASS" starttime="20231228 01:33:21.985" endtime="20231228 01:33:21.986"/>
</kw>
<kw name="Call Method" library="BuiltIn">
<arg>${CHROME_OPTIONS}</arg>
<arg>add_argument</arg>
<arg>--no-sandbox</arg>
<doc>Calls the named method of the given object with the provided arguments.</doc>
<status status="PASS" starttime="20231228 01:33:21.986" endtime="20231228 01:33:21.987"/>
</kw>
<kw name="Call Method" library="BuiltIn">
<arg>${CHROME_OPTIONS}</arg>
<arg>add_argument</arg>
<arg>--disable-gpu</arg>
<doc>Calls the named method of the given object with the provided arguments.</doc>
<status status="PASS" starttime="20231228 01:33:21.987" endtime="20231228 01:33:21.989"/>
</kw>
<kw name="Call Method" library="BuiltIn">
<arg>${CHROME_OPTIONS}</arg>
<arg>add_argument</arg>
<arg>--mute-audio</arg>
<doc>Calls the named method of the given object with the provided arguments.</doc>
<status status="PASS" starttime="20231228 01:33:21.989" endtime="20231228 01:33:21.989"/>
</kw>
<kw name="Call Method" library="BuiltIn">
<arg>${CHROME_OPTIONS}</arg>
<arg>add_argument</arg>
<arg>--start-maximized</arg>
<doc>Calls the named method of the given object with the provided arguments.</doc>
<status status="PASS" starttime="20231228 01:33:21.989" endtime="20231228 01:33:21.990"/>
</kw>
<msg timestamp="20231228 01:33:21.991" level="INFO">${options} = &lt;selenium.webdriver.chrome.options.Options object at 0x000001DE7074E770&gt;</msg>
<status status="PASS" starttime="20231228 01:33:21.972" endtime="20231228 01:33:21.991"/>
</kw>
<if>
<branch type="IF" condition="'${HEADLESS}' == 'True'">
<kw name="Open Browser" library="SeleniumLibrary">
<arg>${baseUrl}</arg>
<arg>headlesschrome</arg>
<arg>${BROWSER}</arg>
<arg>options=${options}</arg>
<doc>Opens a new browser instance to the optional ``url``.</doc>
<msg timestamp="20231228 01:33:21.997" level="INFO">Opening browser 'headlesschrome' to base url 'https://opensource-demo.orangehrmlive.com/web/index.php/auth/login'.</msg>
<status status="PASS" starttime="20231228 01:33:21.992" endtime="20231228 01:33:32.213"/>
</kw>
<kw name="Set Selenium Implicit Wait" library="SeleniumLibrary">
<arg>${TIMEOUT_BROWSER}</arg>
<doc>Sets the implicit wait value used by Selenium.</doc>
<status status="PASS" starttime="20231228 01:33:32.213" endtime="20231228 01:33:32.218"/>
</kw>
<status status="PASS" starttime="20231228 01:33:21.991" endtime="20231228 01:33:32.219"/>
</branch>
<branch type="ELSE">
<kw name="Open Browser" library="SeleniumLibrary">
<arg>${baseUrl}</arg>
<arg>${BROWSER}</arg>
<arg>options=${options}</arg>
<doc>Opens a new browser instance to the optional ``url``.</doc>
<status status="NOT RUN" starttime="20231228 01:33:32.220" endtime="20231228 01:33:32.220"/>
</kw>
<kw name="Set Selenium Implicit Wait" library="SeleniumLibrary">
<arg>${TIMEOUT_BROWSER}</arg>
<doc>Sets the implicit wait value used by Selenium.</doc>
<status status="NOT RUN" starttime="20231228 01:33:32.220" endtime="20231228 01:33:32.220"/>
</kw>
<status status="NOT RUN" starttime="20231228 01:33:32.219" endtime="20231228 01:33:32.220"/>
</branch>
<status status="PASS" starttime="20231228 01:33:21.991" endtime="20231228 01:33:32.220"/>
</if>
<status status="PASS" starttime="20231228 01:33:21.971" endtime="20231228 01:33:32.221"/>
</kw>
<kw name="Given preencho o input de username com um USUARIO INVALIDO &quot;usuarioinvalido&quot;" library="login_step" sourcename="preencho o input de username com um USUARIO INVALIDO &quot;${usernameInvalid}&quot;">
<kw name="Input Password" library="SeleniumLibrary">
<arg>${INPUT_USERNAME_LOGIN}</arg>
<arg>${usernameInvalid}</arg>
<doc>Types the given password into the text field identified by ``locator``.</doc>
<msg timestamp="20231228 01:33:32.226" level="INFO">Typing password into text field '(//input[@placeholder='Username'])[1]'.</msg>
<msg timestamp="20231228 01:33:33.516" level="INFO">Temporally setting log level to: NONE</msg>
<msg timestamp="20231228 01:33:33.864" level="INFO">Log level changed from NONE to INFO.</msg>
<status status="PASS" starttime="20231228 01:33:32.224" endtime="20231228 01:33:33.865"/>
</kw>
<status status="PASS" starttime="20231228 01:33:32.222" endtime="20231228 01:33:33.866"/>
</kw>
<kw name="And preencho o input de senha com uma SENHA VALIDA &quot;admin123&quot;" library="login_step" sourcename="preencho o input de senha com uma SENHA VALIDA &quot;${password}&quot;">
<kw name="Input Password" library="SeleniumLibrary">
<arg>${INPUT_PASSWORD_LOGIN}</arg>
<arg>${password}</arg>
<doc>Types the given password into the text field identified by ``locator``.</doc>
<msg timestamp="20231228 01:33:33.877" level="INFO">Typing password into text field '//input[@name='password']'.</msg>
<msg timestamp="20231228 01:33:34.046" level="INFO">Temporally setting log level to: NONE</msg>
<msg timestamp="20231228 01:33:34.387" level="INFO">Log level changed from NONE to INFO.</msg>
<status status="PASS" starttime="20231228 01:33:33.872" endtime="20231228 01:33:34.388"/>
</kw>
<status status="PASS" starttime="20231228 01:33:33.869" endtime="20231228 01:33:34.389"/>
</kw>
<kw name="When clicar no botão Login" library="login_step">
<kw name="Click Button" library="SeleniumLibrary">
<arg>${BTN_LOGIN}</arg>
<doc>Clicks the button identified by ``locator``.</doc>
<msg timestamp="20231228 01:33:34.394" level="INFO">Clicking button '//button[@type='submit'][contains(.,'Login')]'.</msg>
<status status="PASS" starttime="20231228 01:33:34.392" endtime="20231228 01:33:34.682"/>
</kw>
<status status="PASS" starttime="20231228 01:33:34.391" endtime="20231228 01:33:34.683"/>
</kw>
<kw name="Then recebo uma mensagem &quot;Invalid credentials&quot; indicando erro ao se autenticar" library="login_step" sourcename="recebo uma mensagem &quot;${messageErrorAuthenticateLogin}&quot; indicando erro ao se autenticar">
<kw name="Element Text Should Be" library="SeleniumLibrary">
<arg>${MESSAGE_ERROR_LOGIN}</arg>
<arg>${messageErrorAuthenticateLogin}</arg>
<doc>Verifies that element ``locator`` contains exact the text ``expected``.</doc>
<msg timestamp="20231228 01:33:34.690" level="INFO">Verifying element '//p[contains(.,'Invalid credentials')]' contains exact text 'Invalid credentials'.</msg>
<status status="PASS" starttime="20231228 01:33:34.688" endtime="20231228 01:33:35.996"/>
</kw>
<status status="PASS" starttime="20231228 01:33:34.686" endtime="20231228 01:33:35.997"/>
</kw>
<kw name="Fechar o navegador" library="base" type="TEARDOWN">
<kw name="Capturar screenshot" library="resouce">
<kw name="Set Screenshot Directory" library="SeleniumLibrary">
<arg>${RESULT_OUTPUT_PATH}/screenshots</arg>
<doc>Sets the directory for captured screenshots.</doc>
<status status="PASS" starttime="20231228 01:33:36.001" endtime="20231228 01:33:36.004"/>
</kw>
<kw name="Capture Page Screenshot" library="SeleniumLibrary">
<arg>${TEST_NAME}.png</arg>
<doc>Takes a screenshot of the current page and embeds it into a log file.</doc>
<msg timestamp="20231228 01:33:36.108" level="INFO" html="true">&lt;/td&gt;&lt;/tr&gt;&lt;tr&gt;&lt;td colspan="3"&gt;&lt;a href="screenshots/CT002%20-%20Realizar%20login%20com%20usuario%20incorreto.png"&gt;&lt;img src="screenshots/CT002%20-%20Realizar%20login%20com%20usuario%20incorreto.png" width="800px"&gt;&lt;/a&gt;</msg>
<status status="PASS" starttime="20231228 01:33:36.005" endtime="20231228 01:33:36.109"/>
</kw>
<status status="PASS" starttime="20231228 01:33:36.001" endtime="20231228 01:33:36.110"/>
</kw>
<kw name="Close Browser" library="SeleniumLibrary">
<doc>Closes the current browser.</doc>
<status status="PASS" starttime="20231228 01:33:36.111" endtime="20231228 01:33:38.189"/>
</kw>
<status status="PASS" starttime="20231228 01:33:36.000" endtime="20231228 01:33:38.189"/>
</kw>
<tag>CT002</tag>
<tag>regressivos</tag>
<tag>test_failure</tag>
<status status="PASS" starttime="20231228 01:33:21.969" endtime="20231228 01:33:38.191"/>
</test>
<test id="s1-s1-t3" name="CT003 - Realizar login com senha incorreto" line="24">
<kw name="Given que acesso a url do website da OrangeHRM" library="base" type="SETUP">
<kw name="Config open browser options" library="resouce">
<var>${options}</var>
<kw name="Evaluate" library="BuiltIn">
<var>${CHROME_OPTIONS}</var>
<arg>selenium.webdriver.ChromeOptions()</arg>
<doc>Evaluates the given expression in Python and returns the result.</doc>
<msg timestamp="20231228 01:33:38.202" level="INFO">${CHROME_OPTIONS} = &lt;selenium.webdriver.chrome.options.Options object at 0x000001DE707B81F0&gt;</msg>
<status status="PASS" starttime="20231228 01:33:38.201" endtime="20231228 01:33:38.202"/>
</kw>
<kw name="Call Method" library="BuiltIn">
<arg>${CHROME_OPTIONS}</arg>
<arg>add_argument</arg>
<arg>--incognito</arg>
<doc>Calls the named method of the given object with the provided arguments.</doc>
<status status="PASS" starttime="20231228 01:33:38.203" endtime="20231228 01:33:38.204"/>
</kw>
<kw name="Call Method" library="BuiltIn">
<arg>${CHROME_OPTIONS}</arg>
<arg>add_argument</arg>
<arg>--disable-notifications</arg>
<doc>Calls the named method of the given object with the provided arguments.</doc>
<status status="PASS" starttime="20231228 01:33:38.205" endtime="20231228 01:33:38.206"/>
</kw>
<kw name="Call Method" library="BuiltIn">
<arg>${CHROME_OPTIONS}</arg>
<arg>add_argument</arg>
<arg>--aggressive-cache-discard</arg>
<doc>Calls the named method of the given object with the provided arguments.</doc>
<status status="PASS" starttime="20231228 01:33:38.206" endtime="20231228 01:33:38.208"/>
</kw>
<kw name="Call Method" library="BuiltIn">
<arg>${CHROME_OPTIONS}</arg>
<arg>add_argument</arg>
<arg>--disable-application-cache</arg>
<doc>Calls the named method of the given object with the provided arguments.</doc>
<status status="PASS" starttime="20231228 01:33:38.208" endtime="20231228 01:33:38.210"/>
</kw>
<kw name="Call Method" library="BuiltIn">
<arg>${CHROME_OPTIONS}</arg>
<arg>add_argument</arg>
<arg>--disable-dev-shm-usage</arg>
<doc>Calls the named method of the given object with the provided arguments.</doc>
<status status="PASS" starttime="20231228 01:33:38.210" endtime="20231228 01:33:38.212"/>
</kw>
<kw name="Call Method" library="BuiltIn">
<arg>${CHROME_OPTIONS}</arg>
<arg>add_argument</arg>
<arg>--no-sandbox</arg>
<doc>Calls the named method of the given object with the provided arguments.</doc>
<status status="PASS" starttime="20231228 01:33:38.213" endtime="20231228 01:33:38.214"/>
</kw>
<kw name="Call Method" library="BuiltIn">
<arg>${CHROME_OPTIONS}</arg>
<arg>add_argument</arg>
<arg>--disable-gpu</arg>
<doc>Calls the named method of the given object with the provided arguments.</doc>
<status status="PASS" starttime="20231228 01:33:38.214" endtime="20231228 01:33:38.214"/>
</kw>
<kw name="Call Method" library="BuiltIn">
<arg>${CHROME_OPTIONS}</arg>
<arg>add_argument</arg>
<arg>--mute-audio</arg>
<doc>Calls the named method of the given object with the provided arguments.</doc>
<status status="PASS" starttime="20231228 01:33:38.214" endtime="20231228 01:33:38.215"/>
</kw>
<kw name="Call Method" library="BuiltIn">
<arg>${CHROME_OPTIONS}</arg>
<arg>add_argument</arg>
<arg>--start-maximized</arg>
<doc>Calls the named method of the given object with the provided arguments.</doc>
<status status="PASS" starttime="20231228 01:33:38.215" endtime="20231228 01:33:38.215"/>
</kw>
<msg timestamp="20231228 01:33:38.216" level="INFO">${options} = &lt;selenium.webdriver.chrome.options.Options object at 0x000001DE707B81F0&gt;</msg>
<status status="PASS" starttime="20231228 01:33:38.200" endtime="20231228 01:33:38.216"/>
</kw>
<if>
<branch type="IF" condition="'${HEADLESS}' == 'True'">
<kw name="Open Browser" library="SeleniumLibrary">
<arg>${baseUrl}</arg>
<arg>headlesschrome</arg>
<arg>${BROWSER}</arg>
<arg>options=${options}</arg>
<doc>Opens a new browser instance to the optional ``url``.</doc>
<msg timestamp="20231228 01:33:38.221" level="INFO">Opening browser 'headlesschrome' to base url 'https://opensource-demo.orangehrmlive.com/web/index.php/auth/login'.</msg>
<status status="PASS" starttime="20231228 01:33:38.217" endtime="20231228 01:33:49.492"/>
</kw>
<kw name="Set Selenium Implicit Wait" library="SeleniumLibrary">
<arg>${TIMEOUT_BROWSER}</arg>
<doc>Sets the implicit wait value used by Selenium.</doc>
<status status="PASS" starttime="20231228 01:33:49.493" endtime="20231228 01:33:49.499"/>
</kw>
<status status="PASS" starttime="20231228 01:33:38.217" endtime="20231228 01:33:49.499"/>
</branch>
<branch type="ELSE">
<kw name="Open Browser" library="SeleniumLibrary">
<arg>${baseUrl}</arg>
<arg>${BROWSER}</arg>
<arg>options=${options}</arg>
<doc>Opens a new browser instance to the optional ``url``.</doc>
<status status="NOT RUN" starttime="20231228 01:33:49.500" endtime="20231228 01:33:49.501"/>
</kw>
<kw name="Set Selenium Implicit Wait" library="SeleniumLibrary">
<arg>${TIMEOUT_BROWSER}</arg>
<doc>Sets the implicit wait value used by Selenium.</doc>
<status status="NOT RUN" starttime="20231228 01:33:49.501" endtime="20231228 01:33:49.501"/>
</kw>
<status status="NOT RUN" starttime="20231228 01:33:49.499" endtime="20231228 01:33:49.502"/>
</branch>
<status status="PASS" starttime="20231228 01:33:38.217" endtime="20231228 01:33:49.502"/>
</if>
<status status="PASS" starttime="20231228 01:33:38.199" endtime="20231228 01:33:49.503"/>
</kw>
<kw name="Given preencho o input de username com um USUARIO VALIDO &quot;Admin&quot;" library="login_step" sourcename="preencho o input de username com um USUARIO VALIDO &quot;${username}&quot;">
<kw name="Input Text" library="SeleniumLibrary">
<arg>${INPUT_USERNAME_LOGIN}</arg>
<arg>${username}</arg>
<doc>Types the given ``text`` into the text field identified by ``locator``.</doc>
<msg timestamp="20231228 01:33:49.509" level="INFO">Typing text 'Admin' into text field '(//input[@placeholder='Username'])[1]'.</msg>
<status status="PASS" starttime="20231228 01:33:49.506" endtime="20231228 01:33:51.012"/>
</kw>
<status status="PASS" starttime="20231228 01:33:49.505" endtime="20231228 01:33:51.012"/>
</kw>
<kw name="And preencho o input de senha com uma SENHA INVALIDA &quot;admin456&quot;" library="login_step" sourcename="preencho o input de senha com uma SENHA INVALIDA &quot;${password}&quot;">
<kw name="Should Not Be Equal" library="BuiltIn">
<arg>${password}</arg>
<arg>"admin123"</arg>
<doc>Fails if the given objects are equal.</doc>
<status status="PASS" starttime="20231228 01:33:51.014" endtime="20231228 01:33:51.015"/>
</kw>
<kw name="Input Password" library="SeleniumLibrary">
<arg>${INPUT_PASSWORD_LOGIN}</arg>
<arg>${password}</arg>
<doc>Types the given password into the text field identified by ``locator``.</doc>
<msg timestamp="20231228 01:33:51.018" level="INFO">Typing password into text field '//input[@name='password']'.</msg>
<msg timestamp="20231228 01:33:51.167" level="INFO">Temporally setting log level to: NONE</msg>
<msg timestamp="20231228 01:33:51.395" level="INFO">Log level changed from NONE to INFO.</msg>
<status status="PASS" starttime="20231228 01:33:51.016" endtime="20231228 01:33:51.395"/>
</kw>
<status status="PASS" starttime="20231228 01:33:51.014" endtime="20231228 01:33:51.396"/>
</kw>
<kw name="When clicar no botão Login" library="login_step">
<kw name="Click Button" library="SeleniumLibrary">
<arg>${BTN_LOGIN}</arg>
<doc>Clicks the button identified by ``locator``.</doc>
<msg timestamp="20231228 01:33:51.402" level="INFO">Clicking button '//button[@type='submit'][contains(.,'Login')]'.</msg>
<status status="PASS" starttime="20231228 01:33:51.400" endtime="20231228 01:33:51.695"/>
</kw>
<status status="PASS" starttime="20231228 01:33:51.398" endtime="20231228 01:33:51.696"/>
</kw>
<kw name="Then recebo uma mensagem &quot;Invalid credentials&quot; indicando erro ao se autenticar" library="login_step" sourcename="recebo uma mensagem &quot;${messageErrorAuthenticateLogin}&quot; indicando erro ao se autenticar">
<kw name="Element Text Should Be" library="SeleniumLibrary">
<arg>${MESSAGE_ERROR_LOGIN}</arg>
<arg>${messageErrorAuthenticateLogin}</arg>
<doc>Verifies that element ``locator`` contains exact the text ``expected``.</doc>
<msg timestamp="20231228 01:33:51.701" level="INFO">Verifying element '//p[contains(.,'Invalid credentials')]' contains exact text 'Invalid credentials'.</msg>
<status status="PASS" starttime="20231228 01:33:51.698" endtime="20231228 01:33:53.752"/>
</kw>
<status status="PASS" starttime="20231228 01:33:51.697" endtime="20231228 01:33:53.753"/>
</kw>
<kw name="Fechar o navegador" library="base" type="TEARDOWN">
<kw name="Capturar screenshot" library="resouce">
<kw name="Set Screenshot Directory" library="SeleniumLibrary">
<arg>${RESULT_OUTPUT_PATH}/screenshots</arg>
<doc>Sets the directory for captured screenshots.</doc>
<status status="PASS" starttime="20231228 01:33:53.757" endtime="20231228 01:33:53.761"/>
</kw>
<kw name="Capture Page Screenshot" library="SeleniumLibrary">
<arg>${TEST_NAME}.png</arg>
<doc>Takes a screenshot of the current page and embeds it into a log file.</doc>
<msg timestamp="20231228 01:33:54.000" level="INFO" html="true">&lt;/td&gt;&lt;/tr&gt;&lt;tr&gt;&lt;td colspan="3"&gt;&lt;a href="screenshots/CT003%20-%20Realizar%20login%20com%20senha%20incorreto.png"&gt;&lt;img src="screenshots/CT003%20-%20Realizar%20login%20com%20senha%20incorreto.png" width="800px"&gt;&lt;/a&gt;</msg>
<status status="PASS" starttime="20231228 01:33:53.761" endtime="20231228 01:33:54.000"/>
</kw>
<status status="PASS" starttime="20231228 01:33:53.756" endtime="20231228 01:33:54.001"/>
</kw>
<kw name="Close Browser" library="SeleniumLibrary">
<doc>Closes the current browser.</doc>
<status status="PASS" starttime="20231228 01:33:54.001" endtime="20231228 01:33:56.074"/>
</kw>
<status status="PASS" starttime="20231228 01:33:53.755" endtime="20231228 01:33:56.075"/>
</kw>
<tag>CT003</tag>
<tag>regressivos</tag>
<tag>test_failure</tag>
<status status="PASS" starttime="20231228 01:33:38.195" endtime="20231228 01:33:56.075"/>
</test>
<test id="s1-s1-t4" name="CT004 - Realizar login sem preecher usuario e senha" line="30">
<kw name="Given que acesso a url do website da OrangeHRM" library="base" type="SETUP">
<kw name="Config open browser options" library="resouce">
<var>${options}</var>
<kw name="Evaluate" library="BuiltIn">
<var>${CHROME_OPTIONS}</var>
<arg>selenium.webdriver.ChromeOptions()</arg>
<doc>Evaluates the given expression in Python and returns the result.</doc>
<msg timestamp="20231228 01:33:56.082" level="INFO">${CHROME_OPTIONS} = &lt;selenium.webdriver.chrome.options.Options object at 0x000001DE707B8220&gt;</msg>
<status status="PASS" starttime="20231228 01:33:56.081" endtime="20231228 01:33:56.082"/>
</kw>
<kw name="Call Method" library="BuiltIn">
<arg>${CHROME_OPTIONS}</arg>
<arg>add_argument</arg>
<arg>--incognito</arg>
<doc>Calls the named method of the given object with the provided arguments.</doc>
<status status="PASS" starttime="20231228 01:33:56.082" endtime="20231228 01:33:56.083"/>
</kw>
<kw name="Call Method" library="BuiltIn">
<arg>${CHROME_OPTIONS}</arg>
<arg>add_argument</arg>
<arg>--disable-notifications</arg>
<doc>Calls the named method of the given object with the provided arguments.</doc>
<status status="PASS" starttime="20231228 01:33:56.083" endtime="20231228 01:33:56.083"/>
</kw>
<kw name="Call Method" library="BuiltIn">
<arg>${CHROME_OPTIONS}</arg>
<arg>add_argument</arg>
<arg>--aggressive-cache-discard</arg>
<doc>Calls the named method of the given object with the provided arguments.</doc>
<status status="PASS" starttime="20231228 01:33:56.084" endtime="20231228 01:33:56.084"/>
</kw>
<kw name="Call Method" library="BuiltIn">
<arg>${CHROME_OPTIONS}</arg>
<arg>add_argument</arg>
<arg>--disable-application-cache</arg>
<doc>Calls the named method of the given object with the provided arguments.</doc>
<status status="PASS" starttime="20231228 01:33:56.085" endtime="20231228 01:33:56.085"/>
</kw>
<kw name="Call Method" library="BuiltIn">
<arg>${CHROME_OPTIONS}</arg>
<arg>add_argument</arg>
<arg>--disable-dev-shm-usage</arg>
<doc>Calls the named method of the given object with the provided arguments.</doc>
<status status="PASS" starttime="20231228 01:33:56.085" endtime="20231228 01:33:56.086"/>
</kw>
<kw name="Call Method" library="BuiltIn">
<arg>${CHROME_OPTIONS}</arg>
<arg>add_argument</arg>
<arg>--no-sandbox</arg>
<doc>Calls the named method of the given object with the provided arguments.</doc>
<status status="PASS" starttime="20231228 01:33:56.086" endtime="20231228 01:33:56.087"/>
</kw>
<kw name="Call Method" library="BuiltIn">
<arg>${CHROME_OPTIONS}</arg>
<arg>add_argument</arg>
<arg>--disable-gpu</arg>
<doc>Calls the named method of the given object with the provided arguments.</doc>
<status status="PASS" starttime="20231228 01:33:56.087" endtime="20231228 01:33:56.088"/>
</kw>
<kw name="Call Method" library="BuiltIn">
<arg>${CHROME_OPTIONS}</arg>
<arg>add_argument</arg>
<arg>--mute-audio</arg>
<doc>Calls the named method of the given object with the provided arguments.</doc>
<status status="PASS" starttime="20231228 01:33:56.088" endtime="20231228 01:33:56.088"/>
</kw>
<kw name="Call Method" library="BuiltIn">
<arg>${CHROME_OPTIONS}</arg>
<arg>add_argument</arg>
<arg>--start-maximized</arg>
<doc>Calls the named method of the given object with the provided arguments.</doc>
<status status="PASS" starttime="20231228 01:33:56.089" endtime="20231228 01:33:56.089"/>
</kw>
<msg timestamp="20231228 01:33:56.090" level="INFO">${options} = &lt;selenium.webdriver.chrome.options.Options object at 0x000001DE707B8220&gt;</msg>
<status status="PASS" starttime="20231228 01:33:56.080" endtime="20231228 01:33:56.090"/>
</kw>
<if>
<branch type="IF" condition="'${HEADLESS}' == 'True'">
<kw name="Open Browser" library="SeleniumLibrary">
<arg>${baseUrl}</arg>
<arg>headlesschrome</arg>
<arg>${BROWSER}</arg>
<arg>options=${options}</arg>
<doc>Opens a new browser instance to the optional ``url``.</doc>
<msg timestamp="20231228 01:33:56.096" level="INFO">Opening browser 'headlesschrome' to base url 'https://opensource-demo.orangehrmlive.com/web/index.php/auth/login'.</msg>
<status status="PASS" starttime="20231228 01:33:56.091" endtime="20231228 01:34:07.315"/>
</kw>
<kw name="Set Selenium Implicit Wait" library="SeleniumLibrary">
<arg>${TIMEOUT_BROWSER}</arg>
<doc>Sets the implicit wait value used by Selenium.</doc>
<status status="PASS" starttime="20231228 01:34:07.315" endtime="20231228 01:34:07.318"/>
</kw>
<status status="PASS" starttime="20231228 01:33:56.090" endtime="20231228 01:34:07.319"/>
</branch>
<branch type="ELSE">
<kw name="Open Browser" library="SeleniumLibrary">
<arg>${baseUrl}</arg>
<arg>${BROWSER}</arg>
<arg>options=${options}</arg>
<doc>Opens a new browser instance to the optional ``url``.</doc>
<status status="NOT RUN" starttime="20231228 01:34:07.319" endtime="20231228 01:34:07.319"/>
</kw>
<kw name="Set Selenium Implicit Wait" library="SeleniumLibrary">
<arg>${TIMEOUT_BROWSER}</arg>
<doc>Sets the implicit wait value used by Selenium.</doc>
<status status="NOT RUN" starttime="20231228 01:34:07.319" endtime="20231228 01:34:07.320"/>
</kw>
<status status="NOT RUN" starttime="20231228 01:34:07.319" endtime="20231228 01:34:07.320"/>
</branch>
<status status="PASS" starttime="20231228 01:33:56.090" endtime="20231228 01:34:07.320"/>
</if>
<status status="PASS" starttime="20231228 01:33:56.080" endtime="20231228 01:34:07.320"/>
</kw>
<kw name="Given que não preencho o input de usuario" library="login_step">
<kw name="Get Value" library="SeleniumLibrary">
<var>${input_username_value}</var>
<arg>${INPUT_USERNAME_LOGIN}</arg>
<doc>Returns the value attribute of the element identified by ``locator``.</doc>
<msg timestamp="20231228 01:34:08.496" level="INFO">${input_username_value} = </msg>
<status status="PASS" starttime="20231228 01:34:07.323" endtime="20231228 01:34:08.496"/>
</kw>
<kw name="Should Be Empty" library="BuiltIn">
<arg>${input_username_value}</arg>
<doc>Verifies that the given item is empty.</doc>
<msg timestamp="20231228 01:34:08.498" level="INFO">Length is 0</msg>
<status status="PASS" starttime="20231228 01:34:08.497" endtime="20231228 01:34:08.498"/>
</kw>
<status status="PASS" starttime="20231228 01:34:07.322" endtime="20231228 01:34:08.498"/>
</kw>
<kw name="And que não preecho o input de senha" library="login_step">
<kw name="Get Value" library="SeleniumLibrary">
<var>${input_senha_value}</var>
<arg>${INPUT_PASSWORD_LOGIN}</arg>
<doc>Returns the value attribute of the element identified by ``locator``.</doc>
<msg timestamp="20231228 01:34:08.569" level="INFO">${input_senha_value} = </msg>
<status status="PASS" starttime="20231228 01:34:08.502" endtime="20231228 01:34:08.569"/>
</kw>
<kw name="Should Be Empty" library="BuiltIn">
<arg>${input_senha_value}</arg>
<doc>Verifies that the given item is empty.</doc>
<msg timestamp="20231228 01:34:08.569" level="INFO">Length is 0</msg>
<status status="PASS" starttime="20231228 01:34:08.569" endtime="20231228 01:34:08.569"/>
</kw>
<status status="PASS" starttime="20231228 01:34:08.500" endtime="20231228 01:34:08.569"/>
</kw>
<kw name="When clicar no botão Login" library="login_step">
<kw name="Click Button" library="SeleniumLibrary">
<arg>${BTN_LOGIN}</arg>
<doc>Clicks the button identified by ``locator``.</doc>
<msg timestamp="20231228 01:34:08.573" level="INFO">Clicking button '//button[@type='submit'][contains(.,'Login')]'.</msg>
<status status="PASS" starttime="20231228 01:34:08.571" endtime="20231228 01:34:08.833"/>
</kw>
<status status="PASS" starttime="20231228 01:34:08.570" endtime="20231228 01:34:08.834"/>
</kw>
<kw name="Then recebo a mensagem de &quot;Required&quot; no input de usuario" library="login_step" sourcename="recebo a mensagem de &quot;${message_input}&quot; no input de usuario">
<kw name="Element Should Be Visible" library="SeleniumLibrary">
<arg>${INPUT_USERNAME_REQUIRED_MESSAGE}</arg>
<doc>Verifies that the element identified by ``locator`` is visible.</doc>
<msg timestamp="20231228 01:34:08.915" level="INFO">Element '(//span[contains(.,'Required')])[1]' is displayed.</msg>
<status status="PASS" starttime="20231228 01:34:08.838" endtime="20231228 01:34:08.916"/>
</kw>
<kw name="Element Text Should Be" library="SeleniumLibrary">
<arg>${INPUT_USERNAME_REQUIRED_MESSAGE}</arg>
<arg>${message_input}</arg>
<doc>Verifies that element ``locator`` contains exact the text ``expected``.</doc>
<msg timestamp="20231228 01:34:08.919" level="INFO">Verifying element '(//span[contains(.,'Required')])[1]' contains exact text 'Required'.</msg>
<status status="PASS" starttime="20231228 01:34:08.916" endtime="20231228 01:34:09.009"/>
</kw>
<status status="PASS" starttime="20231228 01:34:08.837" endtime="20231228 01:34:09.010"/>
</kw>
<kw name="And recebo a mensagem de &quot;Required&quot; no input de senha" library="login_step" sourcename="recebo a mensagem de &quot;${message_input}&quot; no input de senha">
<kw name="Element Should Be Visible" library="SeleniumLibrary">
<arg>${INPUT_SENHA_REQUIRED_MESSAGE}</arg>
<doc>Verifies that the element identified by ``locator`` is visible.</doc>
<msg timestamp="20231228 01:34:09.086" level="INFO">Element '(//span[contains(.,'Required')])[2]' is displayed.</msg>
<status status="PASS" starttime="20231228 01:34:09.013" endtime="20231228 01:34:09.086"/>
</kw>
<kw name="Element Text Should Be" library="SeleniumLibrary">
<arg>${INPUT_SENHA_REQUIRED_MESSAGE}</arg>
<arg>${message_input}</arg>
<doc>Verifies that element ``locator`` contains exact the text ``expected``.</doc>
<msg timestamp="20231228 01:34:09.090" level="INFO">Verifying element '(//span[contains(.,'Required')])[2]' contains exact text 'Required'.</msg>
<status status="PASS" starttime="20231228 01:34:09.087" endtime="20231228 01:34:09.141"/>
</kw>
<status status="PASS" starttime="20231228 01:34:09.012" endtime="20231228 01:34:09.141"/>
</kw>
<kw name="Fechar o navegador" library="base" type="TEARDOWN">
<kw name="Capturar screenshot" library="resouce">
<kw name="Set Screenshot Directory" library="SeleniumLibrary">
<arg>${RESULT_OUTPUT_PATH}/screenshots</arg>
<doc>Sets the directory for captured screenshots.</doc>
<status status="PASS" starttime="20231228 01:34:09.146" endtime="20231228 01:34:09.149"/>
</kw>
<kw name="Capture Page Screenshot" library="SeleniumLibrary">
<arg>${TEST_NAME}.png</arg>
<doc>Takes a screenshot of the current page and embeds it into a log file.</doc>
<msg timestamp="20231228 01:34:09.287" level="INFO" html="true">&lt;/td&gt;&lt;/tr&gt;&lt;tr&gt;&lt;td colspan="3"&gt;&lt;a href="screenshots/CT004%20-%20Realizar%20login%20sem%20preecher%20usuario%20e%20senha.png"&gt;&lt;img src="screenshots/CT004%20-%20Realizar%20login%20sem%20preecher%20usuario%20e%20senha.png" width="800px"&gt;&lt;/a&gt;</msg>
<status status="PASS" starttime="20231228 01:34:09.150" endtime="20231228 01:34:09.288"/>
</kw>
<status status="PASS" starttime="20231228 01:34:09.145" endtime="20231228 01:34:09.288"/>
</kw>
<kw name="Close Browser" library="SeleniumLibrary">
<doc>Closes the current browser.</doc>
<status status="PASS" starttime="20231228 01:34:09.289" endtime="20231228 01:34:11.369"/>
</kw>
<status status="PASS" starttime="20231228 01:34:09.144" endtime="20231228 01:34:11.370"/>
</kw>
<tag>CT004</tag>
<tag>regressivos</tag>
<tag>test_failure</tag>
<status status="PASS" starttime="20231228 01:33:56.078" endtime="20231228 01:34:11.371"/>
</test>
<doc>Esssa suite testa o site da OrangeHRM</doc>
<status status="PASS" starttime="20231228 01:33:03.763" endtime="20231228 01:34:11.377"/>
</suite>
<status status="PASS" starttime="20231228 01:33:03.694" endtime="20231228 01:34:11.388"/>
</suite>
<statistics>
<total>
<stat pass="4" fail="0" skip="0">All Tests</stat>
</total>
<tag>
<stat pass="1" fail="0" skip="0">CT001</stat>
<stat pass="1" fail="0" skip="0">CT002</stat>
<stat pass="1" fail="0" skip="0">CT003</stat>
<stat pass="1" fail="0" skip="0">CT004</stat>
<stat pass="4" fail="0" skip="0">regressivos</stat>
<stat pass="3" fail="0" skip="0">test_failure</stat>
<stat pass="1" fail="0" skip="0">test_success</stat>
</tag>
<suite>
<stat pass="4" fail="0" skip="0" id="s1" name="Run">Run</stat>
<stat pass="4" fail="0" skip="0" id="s1-s1" name="Login Orangehrm">Run.Login Orangehrm</stat>
</suite>
</statistics>
<errors>
</errors>
</robot>
